# JRE version: OpenJDK Runtime Environment (11.0.10) (build 11.0.10+0-b96-7249189)
# Java VM: OpenJDK 64-Bit Server VM (11.0.10+0-b96-7249189, mixed mode, tiered, compressed oops, g1 gc, windows-amd64)
Heap:
 garbage-first heap   total 260096K, used 155300K [0x0000000080000000, 0x0000000100000000)
  region size 1024K, 99 young (101376K), 10 survivors (10240K)
 Metaspace       used 88941K, capacity 91276K, committed 91520K, reserved 1128448K
  class space    used 11560K, capacity 12420K, committed 12492K, reserved 1048576K
GC Heap History (18 events):
Event: 0.687 GC heap before
{Heap before GC invocations=0 (full 0):
 garbage-first heap   total 260096K, used 29696K [0x0000000080000000, 0x0000000100000000)
  region size 1024K, 24 young (24576K), 0 survivors (0K)
 Metaspace       used 9800K, capacity 9986K, committed 10112K, reserved 1058816K
  class space    used 1022K, capacity 1102K, committed 1152K, reserved 1048576K
}
Event: 0.691 GC heap after
{Heap after GC invocations=1 (full 0):
 garbage-first heap   total 260096K, used 9373K [0x0000000080000000, 0x0000000100000000)
  region size 1024K, 3 young (3072K), 3 survivors (3072K)
 Metaspace       used 9800K, capacity 9986K, committed 10112K, reserved 1058816K
  class space    used 1022K, capacity 1102K, committed 1152K, reserved 1048576K
}
Event: 2.489 GC heap before
{Heap before GC invocations=1 (full 0):
 garbage-first heap   total 260096K, used 105629K [0x0000000080000000, 0x0000000100000000)
  region size 1024K, 98 young (100352K), 3 survivors (3072K)
 Metaspace       used 20615K, capacity 21140K, committed 21248K, reserved 1067008K
  class space    used 2531K, capacity 2728K, committed 2816K, reserved 1048576K
}
Event: 2.497 GC heap after
{Heap after GC invocations=2 (full 0):
 garbage-first heap   total 260096K, used 16841K [0x0000000080000000, 0x0000000100000000)
  region size 1024K, 11 young (11264K), 11 survivors (11264K)
 Metaspace       used 20615K, capacity 21140K, committed 21248K, reserved 1067008K
  class space    used 2531K, capacity 2728K, committed 2816K, reserved 1048576K
}
Event: 2.850 GC heap before
{Heap before GC invocations=3 (full 0):
 garbage-first heap   total 260096K, used 60873K [0x0000000080000000, 0x0000000100000000)
  region size 1024K, 54 young (55296K), 11 survivors (11264K)
 Metaspace       used 25064K, capacity 25670K, committed 25728K, reserved 1071104K
  class space    used 3259K, capacity 3454K, committed 3456K, reserved 1048576K
}
Event: 2.856 GC heap after
{Heap after GC invocations=4 (full 0):
 garbage-first heap   total 260096K, used 18418K [0x0000000080000000, 0x0000000100000000)
  region size 1024K, 2 young (2048K), 2 survivors (2048K)
 Metaspace       used 25064K, capacity 25670K, committed 25728K, reserved 1071104K
  class space    used 3259K, capacity 3454K, committed 3456K, reserved 1048576K
}
Event: 3.581 GC heap before
{Heap before GC invocations=4 (full 0):
 garbage-first heap   total 260096K, used 86002K [0x0000000080000000, 0x0000000100000000)
  region size 1024K, 69 young (70656K), 2 survivors (2048K)
 Metaspace       used 35024K, capacity 35830K, committed 35840K, reserved 1081344K
  class space    used 4544K, capacity 4864K, committed 4864K, reserved 1048576K
}
Event: 3.587 GC heap after
{Heap after GC invocations=5 (full 0):
 garbage-first heap   total 260096K, used 21953K [0x0000000080000000, 0x0000000100000000)
  region size 1024K, 6 young (6144K), 6 survivors (6144K)
 Metaspace       used 35024K, capacity 35830K, committed 35840K, reserved 1081344K
  class space    used 4544K, capacity 4864K, committed 4864K, reserved 1048576K
}
Event: 4.543 GC heap before
{Heap before GC invocations=6 (full 0):
 garbage-first heap   total 260096K, used 135617K [0x0000000080000000, 0x0000000100000000)
  region size 1024K, 114 young (116736K), 6 survivors (6144K)
 Metaspace       used 43852K, capacity 44969K, committed 45260K, reserved 1089536K
  class space    used 5635K, capacity 6003K, committed 6092K, reserved 1048576K
}
Event: 4.552 GC heap after
{Heap after GC invocations=7 (full 0):
 garbage-first heap   total 260096K, used 28435K [0x0000000080000000, 0x0000000100000000)
  region size 1024K, 12 young (12288K), 12 survivors (12288K)
 Metaspace       used 43852K, capacity 44969K, committed 45260K, reserved 1089536K
  class space    used 5635K, capacity 6003K, committed 6092K, reserved 1048576K
}
Event: 6.259 GC heap before
{Heap before GC invocations=7 (full 0):
 garbage-first heap   total 260096K, used 175891K [0x0000000080000000, 0x0000000100000000)
  region size 1024K, 152 young (155648K), 12 survivors (12288K)
 Metaspace       used 57987K, capacity 59568K, committed 59724K, reserved 1101824K
  class space    used 7394K, capacity 7971K, committed 8012K, reserved 1048576K
}
Event: 6.271 GC heap after
{Heap after GC invocations=8 (full 0):
 garbage-first heap   total 260096K, used 43447K [0x0000000080000000, 0x0000000100000000)
  region size 1024K, 18 young (18432K), 18 survivors (18432K)
 Metaspace       used 57987K, capacity 59568K, committed 59724K, reserved 1101824K
  class space    used 7394K, capacity 7971K, committed 8012K, reserved 1048576K
}
Event: 6.289 GC heap before
{Heap before GC invocations=8 (full 0):
 garbage-first heap   total 260096K, used 43447K [0x0000000080000000, 0x0000000100000000)
  region size 1024K, 19 young (19456K), 18 survivors (18432K)
 Metaspace       used 58517K, capacity 60051K, committed 60288K, reserved 1101824K
  class space    used 7439K, capacity 8004K, committed 8140K, reserved 1048576K
}
Event: 6.304 GC heap after
{Heap after GC invocations=9 (full 0):
 garbage-first heap   total 260096K, used 45757K [0x0000000080000000, 0x0000000100000000)
  region size 1024K, 3 young (3072K), 3 survivors (3072K)
 Metaspace       used 58517K, capacity 60051K, committed 60288K, reserved 1101824K
  class space    used 7439K, capacity 8004K, committed 8140K, reserved 1048576K
}
Event: 8.085 GC heap before
{Heap before GC invocations=10 (full 0):
 garbage-first heap   total 260096K, used 194237K [0x0000000080000000, 0x0000000100000000)
  region size 1024K, 148 young (151552K), 3 survivors (3072K)
 Metaspace       used 71026K, capacity 72855K, committed 73088K, reserved 1112064K
  class space    used 9245K, capacity 9890K, committed 9932K, reserved 1048576K
}
Event: 8.099 GC heap after
{Heap after GC invocations=11 (full 0):
 garbage-first heap   total 260096K, used 54923K [0x0000000080000000, 0x0000000100000000)
  region size 1024K, 12 young (12288K), 12 survivors (12288K)
 Metaspace       used 71026K, capacity 72855K, committed 73088K, reserved 1112064K
  class space    used 9245K, capacity 9890K, committed 9932K, reserved 1048576K
}
Event: 10.229 GC heap before
{Heap before GC invocations=12 (full 0):
 garbage-first heap   total 260096K, used 195211K [0x0000000080000000, 0x0000000100000000)
  region size 1024K, 150 young (153600K), 12 survivors (12288K)
 Metaspace       used 79198K, capacity 81380K, committed 81536K, reserved 1120256K
  class space    used 10365K, capacity 11178K, committed 11212K, reserved 1048576K
}
Event: 10.245 GC heap after
{Heap after GC invocations=13 (full 0):
 garbage-first heap   total 260096K, used 64164K [0x0000000080000000, 0x0000000100000000)
  region size 1024K, 10 young (10240K), 10 survivors (10240K)
 Metaspace       used 79198K, capacity 81380K, committed 81536K, reserved 1120256K
  class space    used 10365K, capacity 11178K, committed 11212K, reserved 1048576K
}

