# JRE version: OpenJDK Runtime Environment (11.0.10) (build 11.0.10+0-b96-7249189)
# Java VM: OpenJDK 64-Bit Server VM (11.0.10+0-b96-7249189, mixed mode, tiered, compressed oops, g1 gc, windows-amd64)
Heap:
 garbage-first heap   total 260096K, used 52302K [0x0000000080000000, 0x0000000100000000)
  region size 1024K, 11 young (11264K), 9 survivors (9216K)
 Metaspace       used 65574K, capacity 67189K, committed 67404K, reserved 1110016K
  class space    used 8413K, capacity 8960K, committed 9036K, reserved 1048576K
GC Heap History (15 events):
Event: 0.605 GC heap before
{Heap before GC invocations=0 (full 0):
 garbage-first heap   total 260096K, used 29696K [0x0000000080000000, 0x0000000100000000)
  region size 1024K, 24 young (24576K), 0 survivors (0K)
 Metaspace       used 9794K, capacity 9986K, committed 10112K, reserved 1058816K
  class space    used 1022K, capacity 1102K, committed 1152K, reserved 1048576K
}
Event: 0.608 GC heap after
{Heap after GC invocations=1 (full 0):
 garbage-first heap   total 260096K, used 8978K [0x0000000080000000, 0x0000000100000000)
  region size 1024K, 3 young (3072K), 3 survivors (3072K)
 Metaspace       used 9794K, capacity 9986K, committed 10112K, reserved 1058816K
  class space    used 1022K, capacity 1102K, committed 1152K, reserved 1048576K
}
Event: 2.457 GC heap before
{Heap before GC invocations=1 (full 0):
 garbage-first heap   total 260096K, used 104210K [0x0000000080000000, 0x0000000100000000)
  region size 1024K, 97 young (99328K), 3 survivors (3072K)
 Metaspace       used 20597K, capacity 21137K, committed 21248K, reserved 1067008K
  class space    used 2526K, capacity 2727K, committed 2816K, reserved 1048576K
}
Event: 2.464 GC heap after
{Heap after GC invocations=2 (full 0):
 garbage-first heap   total 260096K, used 16901K [0x0000000080000000, 0x0000000100000000)
  region size 1024K, 11 young (11264K), 11 survivors (11264K)
 Metaspace       used 20597K, capacity 21137K, committed 21248K, reserved 1067008K
  class space    used 2526K, capacity 2727K, committed 2816K, reserved 1048576K
}
Event: 2.713 GC heap before
{Heap before GC invocations=3 (full 0):
 garbage-first heap   total 260096K, used 45573K [0x0000000080000000, 0x0000000100000000)
  region size 1024K, 39 young (39936K), 11 survivors (11264K)
 Metaspace       used 23366K, capacity 23921K, committed 23936K, reserved 1071104K
  class space    used 2983K, capacity 3190K, committed 3200K, reserved 1048576K
}
Event: 2.719 GC heap after
{Heap after GC invocations=4 (full 0):
 garbage-first heap   total 260096K, used 17492K [0x0000000080000000, 0x0000000100000000)
  region size 1024K, 2 young (2048K), 2 survivors (2048K)
 Metaspace       used 23366K, capacity 23921K, committed 23936K, reserved 1071104K
  class space    used 2983K, capacity 3190K, committed 3200K, reserved 1048576K
}
Event: 3.678 GC heap before
{Heap before GC invocations=4 (full 0):
 garbage-first heap   total 260096K, used 99412K [0x0000000080000000, 0x0000000100000000)
  region size 1024K, 83 young (84992K), 2 survivors (2048K)
 Metaspace       used 35021K, capacity 35830K, committed 35840K, reserved 1081344K
  class space    used 4542K, capacity 4864K, committed 4864K, reserved 1048576K
}
Event: 3.687 GC heap after
{Heap after GC invocations=5 (full 0):
 garbage-first heap   total 260096K, used 21799K [0x0000000080000000, 0x0000000100000000)
  region size 1024K, 6 young (6144K), 6 survivors (6144K)
 Metaspace       used 35021K, capacity 35830K, committed 35840K, reserved 1081344K
  class space    used 4542K, capacity 4864K, committed 4864K, reserved 1048576K
}
Event: 4.715 GC heap before
{Heap before GC invocations=6 (full 0):
 garbage-first heap   total 260096K, used 133415K [0x0000000080000000, 0x0000000100000000)
  region size 1024K, 112 young (114688K), 6 survivors (6144K)
 Metaspace       used 43797K, capacity 44873K, committed 45004K, reserved 1087488K
  class space    used 5619K, capacity 5971K, committed 6092K, reserved 1048576K
}
Event: 4.723 GC heap after
{Heap after GC invocations=7 (full 0):
 garbage-first heap   total 260096K, used 28380K [0x0000000080000000, 0x0000000100000000)
  region size 1024K, 12 young (12288K), 12 survivors (12288K)
 Metaspace       used 43797K, capacity 44873K, committed 45004K, reserved 1087488K
  class space    used 5619K, capacity 5971K, committed 6092K, reserved 1048576K
}
Event: 6.896 GC heap before
{Heap before GC invocations=7 (full 0):
 garbage-first heap   total 260096K, used 174812K [0x0000000080000000, 0x0000000100000000)
  region size 1024K, 152 young (155648K), 12 survivors (12288K)
 Metaspace       used 57998K, capacity 59652K, committed 59724K, reserved 1101824K
  class space    used 7395K, capacity 7976K, committed 8012K, reserved 1048576K
}
Event: 6.913 GC heap after
{Heap after GC invocations=8 (full 0):
 garbage-first heap   total 260096K, used 42943K [0x0000000080000000, 0x0000000100000000)
  region size 1024K, 17 young (17408K), 17 survivors (17408K)
 Metaspace       used 57998K, capacity 59652K, committed 59724K, reserved 1101824K
  class space    used 7395K, capacity 7976K, committed 8012K, reserved 1048576K
}
Event: 6.947 GC heap before
{Heap before GC invocations=8 (full 0):
 garbage-first heap   total 260096K, used 43967K [0x0000000080000000, 0x0000000100000000)
  region size 1024K, 19 young (19456K), 17 survivors (17408K)
 Metaspace       used 58367K, capacity 59975K, committed 60236K, reserved 1101824K
  class space    used 7420K, capacity 7977K, committed 8012K, reserved 1048576K
}
Event: 6.967 GC heap after
{Heap after GC invocations=9 (full 0):
 garbage-first heap   total 260096K, used 44832K [0x0000000080000000, 0x0000000100000000)
  region size 1024K, 2 young (2048K), 2 survivors (2048K)
 Metaspace       used 58367K, capacity 59975K, committed 60236K, reserved 1101824K
  class space    used 7420K, capacity 7977K, committed 8012K, reserved 1048576K
}
Event: 8.373 GC heap before
{Heap before GC invocations=10 (full 0):
 garbage-first heap   total 260096K, used 133920K [0x0000000080000000, 0x0000000100000000)
  region size 1024K, 90 young (92160K), 2 survivors (2048K)
 Metaspace       used 65364K, capacity 67032K, committed 67148K, reserved 1114112K
  class space    used 8381K, capacity 8970K, committed 9036K, reserved 1048576K
}

